<?xml version="1.0" encoding="UTF-8"?>
<!-- Generated by org.testng.reporters.JUnitXMLReporter -->
<testsuite hostname="DESKTOP-U4OMEBF" ignored="0" name="chromeTest" tests="2" failures="0" timestamp="27 Jun 2018 10:26:29 GMT" time="65.499" errors="0">
  <testcase name="KYCBOLoginTest" time="41.289" classname="automationFramework.SecondTestCase"/>
  <testcase name="KYCQueryOrderPageParametersDisplayedTest" time="6.599" classname="automationFramework.SecondTestCase"/>
</testsuite> <!-- chromeTest -->
