<?xml version="1.0" encoding="UTF-8"?>
<!-- Generated by org.testng.reporters.JUnitXMLReporter -->
<testsuite hostname="DESKTOP-U4OMEBF" ignored="0" name="chromeTest" tests="2" failures="0" timestamp="26 Jun 2018 14:48:03 GMT" time="66.553" errors="0">
  <testcase name="KYCBOLoginTest" time="43.493" classname="automationFramework.SecondTestCase"/>
  <testcase name="KYCQueryOrderPageParametersDisplayedTest" time="8.935" classname="automationFramework.SecondTestCase"/>
</testsuite> <!-- chromeTest -->
