<?xml version="1.0" encoding="UTF-8"?>
<!-- Generated by org.testng.reporters.JUnitXMLReporter -->
<testsuite hostname="DESKTOP-U4OMEBF" ignored="0" name="firefoxTest" tests="3" failures="0" timestamp="26 Jun 2018 09:31:53 GMT" time="28.532" errors="0">
  <testcase name="KYCAccessTest" time="9.333" classname="automationFramework.SecondTestCase"/>
  <testcase name="getTitle" time="0.504" classname="automationFramework.SecondTestCase"/>
  <testcase name="searchParametersTest" time="5.101" classname="automationFramework.SecondTestCase"/>
</testsuite> <!-- firefoxTest -->
