<?xml version="1.0" encoding="UTF-8"?>
<!-- Generated by org.testng.reporters.JUnitXMLReporter -->
<testsuite hostname="DESKTOP-U4OMEBF" ignored="0" name="chromeTest" tests="4" failures="0" timestamp="19 Jul 2018 07:48:40 GMT" time="63.548" errors="0">
  <testcase name="ManageKYCDetailsPageDisplayedTest" time="19.983" classname="automationFramework.ManageKYCTestSuite"/>
  <testcase name="ManageKYCPageDetailsParametersDisplayedTest" time="14.264" classname="automationFramework.ManageKYCTestSuite"/>
  <testcase name="ManageKYCPageParametersDisplayedTest" time="4.82" classname="automationFramework.ManageKYCTestSuite"/>
  <testcase name="checkFilterFunctionality" time="6.254" classname="automationFramework.ManageKYCTestSuite"/>
</testsuite> <!-- chromeTest -->
