<?xml version="1.0" encoding="UTF-8"?>
<testng-results skipped="0" failed="0" ignored="0" total="1" passed="1">
  <reporter-output>
  </reporter-output>
  <suite name="Sample Suite" duration-ms="14086" started-at="2018-06-25T06:53:08Z" finished-at="2018-06-25T06:53:22Z">
    <groups>
    </groups>
    <test name="chromeTest" duration-ms="14086" started-at="2018-06-25T06:53:08Z" finished-at="2018-06-25T06:53:22Z">
      <class name="automationFramework.SecondTestCase">
        <test-method status="PASS" signature="setUp(java.lang.String)[pri:0, instance:automationFramework.SecondTestCase@1ce92674]" name="setUp" is-config="true" duration-ms="12589" started-at="2018-06-25T06:53:08Z" finished-at="2018-06-25T06:53:21Z">
          <params>
            <param index="0">
              <value>
                <![CDATA[chrome]]>
              </value>
            </param>
          </params>
          <reporter-output>
          </reporter-output>
        </test-method> <!-- setUp -->
        <test-method status="PASS" signature="getTitle()[pri:0, instance:automationFramework.SecondTestCase@1ce92674]" name="getTitle" duration-ms="125" started-at="2018-06-25T06:53:21Z" finished-at="2018-06-25T06:53:21Z">
          <reporter-output>
          </reporter-output>
        </test-method> <!-- getTitle -->
        <test-method status="PASS" signature="shutDown()[pri:0, instance:automationFramework.SecondTestCase@1ce92674]" name="shutDown" is-config="true" duration-ms="1343" started-at="2018-06-25T06:53:21Z" finished-at="2018-06-25T06:53:22Z">
          <reporter-output>
          </reporter-output>
        </test-method> <!-- shutDown -->
      </class> <!-- automationFramework.SecondTestCase -->
    </test> <!-- chromeTest -->
  </suite> <!-- Sample Suite -->
</testng-results>
