<?xml version="1.0" encoding="UTF-8"?>
<testng-results skipped="0" failed="0" ignored="0" total="4" passed="4">
  <reporter-output>
  </reporter-output>
  <suite name="Sample Suite" duration-ms="54871" started-at="2018-06-26T08:05:49Z" finished-at="2018-06-26T08:06:44Z">
    <groups>
    </groups>
    <test name="chromeTest" duration-ms="27149" started-at="2018-06-26T08:05:49Z" finished-at="2018-06-26T08:06:16Z">
      <class name="automationFramework.SecondTestCase">
        <test-method status="PASS" signature="setUp(java.lang.String)[pri:0, instance:automationFramework.SecondTestCase@1ce92674]" name="setUp" is-config="true" duration-ms="13263" started-at="2018-06-26T08:05:49Z" finished-at="2018-06-26T08:06:02Z">
          <params>
            <param index="0">
              <value>
                <![CDATA[chrome]]>
              </value>
            </param>
          </params>
          <reporter-output>
          </reporter-output>
        </test-method> <!-- setUp -->
        <test-method status="PASS" signature="KYCAccessTest()[pri:0, instance:automationFramework.SecondTestCase@1ce92674]" name="KYCAccessTest" duration-ms="11690" started-at="2018-06-26T08:06:02Z" finished-at="2018-06-26T08:06:14Z">
          <reporter-output>
          </reporter-output>
        </test-method> <!-- KYCAccessTest -->
        <test-method status="PASS" signature="getTitle()[pri:0, instance:automationFramework.SecondTestCase@1ce92674]" name="getTitle" duration-ms="823" started-at="2018-06-26T08:06:14Z" finished-at="2018-06-26T08:06:15Z">
          <reporter-output>
          </reporter-output>
        </test-method> <!-- getTitle -->
        <test-method status="PASS" signature="shutDown()[pri:0, instance:automationFramework.SecondTestCase@1ce92674]" name="shutDown" is-config="true" duration-ms="1347" started-at="2018-06-26T08:06:15Z" finished-at="2018-06-26T08:06:16Z">
          <reporter-output>
          </reporter-output>
        </test-method> <!-- shutDown -->
      </class> <!-- automationFramework.SecondTestCase -->
    </test> <!-- chromeTest -->
    <test name="firefoxTest" duration-ms="27662" started-at="2018-06-26T08:06:16Z" finished-at="2018-06-26T08:06:44Z">
      <class name="automationFramework.SecondTestCase">
        <test-method status="PASS" signature="setUp(java.lang.String)[pri:0, instance:automationFramework.SecondTestCase@dc24521]" name="setUp" is-config="true" duration-ms="14420" started-at="2018-06-26T08:06:16Z" finished-at="2018-06-26T08:06:31Z">
          <params>
            <param index="0">
              <value>
                <![CDATA[firefox]]>
              </value>
            </param>
          </params>
          <reporter-output>
          </reporter-output>
        </test-method> <!-- setUp -->
        <test-method status="PASS" signature="KYCAccessTest()[pri:0, instance:automationFramework.SecondTestCase@dc24521]" name="KYCAccessTest" duration-ms="11530" started-at="2018-06-26T08:06:31Z" finished-at="2018-06-26T08:06:42Z">
          <reporter-output>
          </reporter-output>
        </test-method> <!-- KYCAccessTest -->
        <test-method status="PASS" signature="getTitle()[pri:0, instance:automationFramework.SecondTestCase@dc24521]" name="getTitle" duration-ms="443" started-at="2018-06-26T08:06:42Z" finished-at="2018-06-26T08:06:43Z">
          <reporter-output>
          </reporter-output>
        </test-method> <!-- getTitle -->
        <test-method status="PASS" signature="shutDown()[pri:0, instance:automationFramework.SecondTestCase@dc24521]" name="shutDown" is-config="true" duration-ms="1263" started-at="2018-06-26T08:06:43Z" finished-at="2018-06-26T08:06:44Z">
          <reporter-output>
          </reporter-output>
        </test-method> <!-- shutDown -->
      </class> <!-- automationFramework.SecondTestCase -->
    </test> <!-- firefoxTest -->
  </suite> <!-- Sample Suite -->
</testng-results>
